<?xml version="1.0" encoding="UTF-8"?>
<!-- Generated by org.testng.reporters.JUnitReportReporter -->
<testsuite hostname="CAPL-LT101" failures="0" tests="1" name="testCases.TC021_DeleteBodyType" time="30.540" errors="0" timestamp="2024-11-29T18:14:27 IST" skipped="0">
  <testcase classname="testCases.TC021_DeleteBodyType" name="verify_CarManagement_DeleteModel" time="30.540"/>
  <system-out/>
</testsuite> <!-- testCases.TC021_DeleteBodyType -->
