<?xml version="1.0" encoding="UTF-8"?>
<!-- Generated by org.testng.reporters.JUnitReportReporter -->
<testsuite hostname="CAPL-LT101" failures="0" tests="1" name="testCases.TC020_DeleteVarient" time="30.616" errors="0" timestamp="2024-11-29T18:02:34 IST" skipped="0">
  <testcase classname="testCases.TC020_DeleteVarient" name="verify_CarManagement_DeleteModel" time="30.616"/>
  <system-out/>
</testsuite> <!-- testCases.TC020_DeleteVarient -->
