<?xml version="1.0" encoding="UTF-8"?>
<!-- Generated by org.testng.reporters.JUnitReportReporter -->
<testsuite hostname="CAPL-LT101" failures="0" tests="1" name="testCases.TC008_EditVarient" time="34.061" errors="0" timestamp="2024-11-27T15:22:49 IST" skipped="0">
  <testcase classname="testCases.TC008_EditVarient" name="verify_CarManagement_EditModel" time="34.061"/>
  <system-out/>
</testsuite> <!-- testCases.TC008_EditVarient -->
