<?xml version="1.0" encoding="UTF-8"?>
<!-- Generated by org.testng.reporters.JUnitReportReporter -->
<testsuite hostname="CAPL-LT101" failures="0" tests="1" name="testCases.CarsManagement.TC013_AddTransmission" time="46.021" errors="0" timestamp="2024-12-13T16:54:34 IST" skipped="0">
  <testcase classname="testCases.CarsManagement.TC013_AddTransmission" name="verify_CarManagement_AddTransmision" time="46.021"/>
  <system-out/>
</testsuite> <!-- testCases.CarsManagement.TC013_AddTransmission -->
