<?xml version="1.0" encoding="UTF-8"?>
<!-- Generated by org.testng.reporters.JUnitReportReporter -->
<testsuite hostname="CAPL-LT101" failures="0" tests="1" name="testCases.TC023_DeleteOwnership" time="13.753" errors="0" timestamp="2024-11-29T18:44:55 IST" skipped="0">
  <testcase classname="testCases.TC023_DeleteOwnership" name="verify_CarManagement_DeleteModel" time="13.753"/>
  <system-out/>
</testsuite> <!-- testCases.TC023_DeleteOwnership -->
