<?xml version="1.0" encoding="UTF-8"?>
<!-- Generated by org.testng.reporters.JUnitReportReporter -->
<testsuite hostname="CAPL-LT101" failures="0" tests="1" name="testCases.TC022_DeleteColor" time="30.287" errors="0" timestamp="2024-11-29T18:32:54 IST" skipped="0">
  <testcase classname="testCases.TC022_DeleteColor" name="verify_CarManagement_DeleteModel" time="30.287"/>
  <system-out/>
</testsuite> <!-- testCases.TC022_DeleteColor -->
