<?xml version="1.0" encoding="UTF-8"?>
<!-- Generated by org.testng.reporters.JUnitReportReporter -->
<testsuite hostname="CAPL-LT101" failures="0" tests="1" name="testCases.TC017_EditFuel" time="28.781" errors="0" timestamp="2024-11-29T16:38:28 IST" skipped="0">
  <testcase classname="testCases.TC017_EditFuel" name="verify_CarManagement_EditTransmision" time="28.781"/>
  <system-out/>
</testsuite> <!-- testCases.TC017_EditFuel -->
