<?xml version="1.0" encoding="UTF-8"?>
<!-- Generated by org.testng.reporters.JUnitReportReporter -->
<testsuite hostname="CAPL-LT101" failures="0" tests="1" name="testCases.TC014_EditTransmission" time="29.330" errors="0" timestamp="2024-11-29T11:56:32 IST" skipped="0">
  <testcase classname="testCases.TC014_EditTransmission" name="verify_CarManagement_EditTransmision" time="29.330"/>
  <system-out/>
</testsuite> <!-- testCases.TC014_EditTransmission -->
