<?xml version="1.0" encoding="UTF-8"?>
<!-- Generated by org.testng.reporters.JUnitReportReporter -->
<testsuite hostname="CAPL-LT101" failures="0" tests="1" name="testCases.UserManagement.TC002_Role" time="58.567" errors="0" timestamp="2024-12-13T16:54:34 IST" skipped="0">
  <testcase classname="testCases.UserManagement.TC002_Role" name="verify_UserManagement_User" time="58.567"/>
  <system-out/>
</testsuite> <!-- testCases.UserManagement.TC002_Role -->
