<?xml version="1.0" encoding="UTF-8"?>
<!-- Generated by org.testng.reporters.JUnitReportReporter -->
<testsuite hostname="CAPL-LT101" failures="0" tests="1" name="testCases.TC013_AddTransmission" time="28.874" errors="0" timestamp="2024-11-29T12:26:14 IST" skipped="0">
  <testcase classname="testCases.TC013_AddTransmission" name="verify_CarManagement_AddTransmision" time="28.874"/>
  <system-out/>
</testsuite> <!-- testCases.TC013_AddTransmission -->
