<?xml version="1.0" encoding="UTF-8"?>
<!-- Generated by org.testng.reporters.JUnitReportReporter -->
<testsuite hostname="CAPL-LT101" failures="0" tests="1" name="testCases.Admin.UserManagement.TC001_User" time="64.342" errors="0" timestamp="2024-12-17T10:34:09 IST" skipped="0">
  <testcase classname="testCases.Admin.UserManagement.TC001_User" name="verify_UserManagement_User" time="64.342"/>
  <system-out/>
</testsuite> <!-- testCases.Admin.UserManagement.TC001_User -->
