<?xml version="1.0" encoding="UTF-8"?>
<!-- Generated by org.testng.reporters.JUnitReportReporter -->
<testsuite hostname="CAPL-LT101" failures="0" tests="1" name="testCases.TC001_AddModel" time="32.480" errors="0" timestamp="2024-12-03T17:37:38 IST" skipped="0">
  <testcase classname="testCases.TC001_AddModel" name="verify_CarManagement_AddModel" time="32.480"/>
  <system-out/>
</testsuite> <!-- testCases.TC001_AddModel -->
