<?xml version="1.0" encoding="UTF-8"?>
<!-- Generated by org.testng.reporters.JUnitReportReporter -->
<testsuite hostname="CAPL-LT101" failures="0" tests="1" name="testCases.TC003_AddBodyType" time="11.647" errors="0" timestamp="2024-11-11T14:44:07 IST" skipped="0">
  <testcase classname="testCases.TC003_AddBodyType" name="verify_CarManagement_AddBodyType" time="11.647"/>
  <system-out/>
</testsuite> <!-- testCases.TC003_AddBodyType -->
