<?xml version="1.0" encoding="UTF-8"?>
<!-- Generated by org.testng.reporters.JUnitReportReporter -->
<testsuite hostname="CAPL-LT101" failures="0" tests="1" name="testCases.TC010_EditOwnership" time="34.238" errors="0" timestamp="2024-11-27T16:41:46 IST" skipped="0">
  <testcase classname="testCases.TC010_EditOwnership" name="verify_CarManagement_EditModel" time="34.238"/>
  <system-out/>
</testsuite> <!-- testCases.TC010_EditOwnership -->
