<?xml version="1.0" encoding="UTF-8"?>
<!-- Generated by org.testng.reporters.JUnitReportReporter -->
<testsuite hostname="CAPL-LT101" failures="0" tests="1" name="testCases.TC009_EditBodyType" time="33.745" errors="0" timestamp="2024-11-27T16:08:40 IST" skipped="0">
  <testcase classname="testCases.TC009_EditBodyType" name="verify_CarManagement_EditModel" time="33.745"/>
  <system-out/>
</testsuite> <!-- testCases.TC009_EditBodyType -->
