<?xml version="1.0" encoding="UTF-8"?>
<!-- Generated by org.testng.reporters.JUnitReportReporter -->
<testsuite hostname="CAPL-LT101" failures="0" tests="1" name="testCases.TC018_DeleteFuel" time="14.164" errors="0" timestamp="2024-11-29T16:44:16 IST" skipped="0">
  <testcase classname="testCases.TC018_DeleteFuel" name="verify_CarManagement_EditTransmision" time="14.164"/>
  <system-out/>
</testsuite> <!-- testCases.TC018_DeleteFuel -->
