<?xml version="1.0" encoding="UTF-8"?>
<!-- Generated by org.testng.reporters.JUnitReportReporter -->
<testsuite hostname="CAPL-LT101" failures="0" tests="1" name="testCases.Admin.CarsManagement.TC003_AddBodyType" time="41.467" errors="0" timestamp="2024-12-17T16:24:25 IST" skipped="0">
  <testcase classname="testCases.Admin.CarsManagement.TC003_AddBodyType" name="verify_CarManagement_AddBodyType" time="41.467"/>
  <system-out/>
</testsuite> <!-- testCases.Admin.CarsManagement.TC003_AddBodyType -->
