<?xml version="1.0" encoding="UTF-8"?>
<!-- Generated by org.testng.reporters.JUnitReportReporter -->
<testsuite hostname="CAPL-LT101" failures="0" tests="1" name="testCases.TC004_AddColor" time="27.225" errors="0" timestamp="2024-11-29T18:16:27 IST" skipped="0">
  <testcase classname="testCases.TC004_AddColor" name="verify_CarManagement_AddColor" time="27.225"/>
  <system-out/>
</testsuite> <!-- testCases.TC004_AddColor -->
