<?xml version="1.0" encoding="UTF-8"?>
<!-- Generated by org.testng.reporters.JUnitReportReporter -->
<testsuite hostname="CAPL-LT101" failures="0" tests="1" name="testCases.UserManagement.TC002_User" time="55.704" errors="0" timestamp="2024-12-13T14:45:35 IST" skipped="0">
  <testcase classname="testCases.UserManagement.TC002_User" name="verify_UserManagement_User" time="55.704"/>
  <system-out/>
</testsuite> <!-- testCases.UserManagement.TC002_User -->
