<?xml version="1.0" encoding="UTF-8"?>
<!-- Generated by org.testng.reporters.JUnitReportReporter -->
<testsuite hostname="CAPL-LT101" failures="0" tests="1" name="testCases.TC015_DeleteTransmission" time="13.423" errors="0" timestamp="2024-11-29T12:32:14 IST" skipped="0">
  <testcase classname="testCases.TC015_DeleteTransmission" name="verify_CarManagement_EditTransmision" time="13.423"/>
  <system-out/>
</testsuite> <!-- testCases.TC015_DeleteTransmission -->
