<?xml version="1.0" encoding="UTF-8"?>
<!-- Generated by org.testng.reporters.JUnitReportReporter -->
<testsuite hostname="CAPL-LT101" failures="0" tests="1" name="testCases.TC024_DeleteLocation" time="31.696" errors="0" timestamp="2024-11-29T18:52:30 IST" skipped="0">
  <testcase classname="testCases.TC024_DeleteLocation" name="verify_CarManagement_DeleteLocation" time="31.696"/>
  <system-out/>
</testsuite> <!-- testCases.TC024_DeleteLocation -->
