<?xml version="1.0" encoding="UTF-8"?>
<!-- Generated by org.testng.reporters.JUnitReportReporter -->
<testsuite hostname="CAPL-LT101" failures="0" tests="1" name="testCases.TC016_AddFuel" time="21.982" errors="0" timestamp="2024-11-29T12:56:04 IST" skipped="0">
  <testcase classname="testCases.TC016_AddFuel" name="verify_CarManagement_AddTransmision" time="21.982"/>
  <system-out/>
</testsuite> <!-- testCases.TC016_AddFuel -->
